==275459== Memcheck, a memory error detector
==275459== Copyright (C) 2002-2017, and GNU GPL'd, by Julian Seward et al.
==275459== Using Valgrind-3.15.0 and LibVEX; rerun with -h for copyright info
==275459== Command: ./brain
==275459== 
Default Animal constructor called
Animal argument constructor called [cow]
Animal copy constructor called
Animal copy operator constructor called
Animal copy operator constructor called
cow type is: cow
calf type is: cow
burrito type is: cow
Default Animal constructor called
Cat default constructor called
Brain default constructor called
Animal argument constructor called [cow]
Cat argument constructor called [cow]
Brain default constructor called
Animal copy constructor called
Animal copy operator constructor called
Cat copy constructor called
Cat copy operator constructor called
==275459== Conditional jump or move depends on uninitialised value(s)
==275459==    at 0x40530A: Cat::operator=(Cat const&) (Cat.cpp:37)
==275459==    by 0x405226: Cat::Cat(Cat const&) (Cat.cpp:26)
==275459==    by 0x402867: test_constructors() (main.cpp:30)
==275459==    by 0x404755: main (main.cpp:198)
==275459== 
Brain copy constructor called
Brain copy operator constructor called
Default Animal constructor called
Cat default constructor called
Brain default constructor called
Cat copy operator constructor called
Brain default destructor called
Brain copy constructor called
Brain copy operator constructor called
isCat is:Cat
isCow is:cow
catCopies is:Cat
catEquals is:cow
Default Animal constructor called
Dog default constructor called
Brain default constructor called
Animal argument constructor called [cow]
Dog argument constructor called [cow]
Brain default constructor called
Animal copy constructor called
Animal copy operator constructor called
Dog copy constructor called
Dog copy operator constructor called
==275459== Conditional jump or move depends on uninitialised value(s)
==275459==    at 0x405C1A: Dog::operator=(Dog const&) (Dog.cpp:37)
==275459==    by 0x405B36: Dog::Dog(Dog const&) (Dog.cpp:26)
==275459==    by 0x402B52: test_constructors() (main.cpp:41)
==275459==    by 0x404755: main (main.cpp:198)
==275459== 
Brain copy constructor called
Brain copy operator constructor called
Default Animal constructor called
Dog default constructor called
Brain default constructor called
Dog copy operator constructor called
Brain default destructor called
Brain copy constructor called
Brain copy operator constructor called
isDog is:Dog
isNotCat is:cow
dogCopies is:Dog
dogEquals is:cow
Dog default destructor called
Brain default destructor called
Animal default destructor called
Dog default destructor called
Brain default destructor called
Animal default destructor called
Dog default destructor called
Brain default destructor called
Animal default destructor called
Dog default destructor called
Brain default destructor called
Animal default destructor called
Cat default destructor called
Brain default destructor called
Animal default destructor called
Cat default destructor called
Brain default destructor called
Animal default destructor called
Cat default destructor called
Brain default destructor called
Animal default destructor called
Cat default destructor called
Brain default destructor called
Animal default destructor called
Animal default destructor called
Animal default destructor called
Animal default destructor called
==275459== 
==275459== HEAP SUMMARY:
==275459==     in use at exit: 0 bytes in 0 blocks
==275459==   total heap usage: 34 allocs, 34 frees, 113,884 bytes allocated
==275459== 
==275459== All heap blocks were freed -- no leaks are possible
==275459== 
==275459== Use --track-origins=yes to see where uninitialised values come from
==275459== For lists of detected and suppressed errors, rerun with: -s
==275459== ERROR SUMMARY: 2 errors from 2 contexts (suppressed: 0 from 0)
